<?xml version="1.0" encoding="UTF-8"?>
<!-- Generated by org.testng.reporters.JUnitReportReporter -->
<testsuite hostname="Laptop" failures="0" tests="1" name="com.training.tests.logintest" time="14.437" errors="0" timestamp="07 Feb 2023 01:32:28 GMT" skipped="0">
  <testcase classname="com.training.tests.logintest" name="dropdown5" time="14.437"/>
</testsuite> <!-- com.training.tests.logintest -->
