<?xml version="1.0" encoding="UTF-8"?>
<!-- Generated by org.testng.reporters.JUnitReportReporter -->
<testsuite hostname="Laptop" failures="0" tests="1" name="com.training.tests.DropDowntest" time="15.671" errors="0" timestamp="09 Nov 2022 07:35:46 GMT" skipped="0">
  <testcase classname="com.training.tests.DropDowntest" name="selectCalender07D" time="15.671"/>
</testsuite> <!-- com.training.tests.DropDowntest -->
