<?xml version="1.0" encoding="UTF-8"?>
<!-- Generated by org.testng.reporters.JUnitReportReporter -->
<testsuite hostname="Laptop" failures="0" tests="1" name="com.jan23.tests.Login" time="80.622" errors="0" timestamp="21 Feb 2023 04:30:12 GMT" skipped="0">
  <testcase classname="com.jan23.tests.Login" name="editview" time="80.622"/>
</testsuite> <!-- com.jan23.tests.Login -->
